21:05:34.902 [main] INFO  com.intuit.karate.Runner - using system property 'karate.options': --tags @Now
21:05:35.541 [main] DEBUG com.intuit.karate.Suite - [config] classpath:karate-config.js
21:05:35.549 [main] DEBUG com.intuit.karate.Suite - waiting for 2 features to complete
21:05:36.489 [pool-1-thread-1] INFO  com.intuit.karate - karate.env system property was: null 
21:05:36.816 [pool-1-thread-1] DEBUG com.intuit.karate - request:
1 > GET https://reqres.in/api/users?page=2
1 > Host: reqres.in
1 > Connection: Keep-Alive
1 > User-Agent: Apache-HttpClient/4.5.13 (Java/16.0.1)
1 > Accept-Encoding: gzip,deflate


21:05:37.478 [pool-1-thread-1] DEBUG com.intuit.karate - response time in milliseconds: 622
1 < 200
1 < Date: Tue, 18 May 2021 11:05:37 GMT
1 < Content-Type: application/json; charset=utf-8
1 < Transfer-Encoding: chunked
1 < Connection: keep-alive
1 < x-powered-by: Express
1 < access-control-allow-origin: *
1 < etag: W/"406-ut0vzoCuidvyMf8arZpMpJ6ZRDw"
1 < via: 1.1 vegur
1 < Cache-Control: max-age=14400
1 < CF-Cache-Status: HIT
1 < Age: 830
1 < cf-request-id: 0a20c02a1b0000f8ebab216000000001
1 < Expect-CT: max-age=604800, report-uri="https://report-uri.cloudflare.com/cdn-cgi/beacon/expect-ct"
1 < Report-To: {"endpoints":[{"url":"https:\/\/a.nel.cloudflare.com\/report?s=%2FzSZDHuoa9NGLHe%2FhGc%2BO990Xijrm9G0UAoEK%2F9kSQCW90VqIqMa0sh5bRAlR3LUUni%2BxM0vTX7%2B2qpErWiELR9vUhHuME5WRUw%3D"}],"group":"cf-nel","max_age":604800}
1 < NEL: {"report_to":"cf-nel","max_age":604800}
1 < Vary: Accept-Encoding
1 < Server: cloudflare
1 < CF-RAY: 65149c89cb3df8eb-NRT
1 < alt-svc: h3-27=":443"; ma=86400, h3-28=":443"; ma=86400, h3-29=":443"; ma=86400
{"per_page":6,"total":12,"data":[{"last_name":"Lawson","id":7,"avatar":"https:\/\/reqres.in\/img\/faces\/7-image.jpg","first_name":"Michael","email":"michael.lawson@reqres.in"},{"last_name":"Ferguson","id":8,"avatar":"https:\/\/reqres.in\/img\/faces\/8-image.jpg","first_name":"Lindsay","email":"lindsay.ferguson@reqres.in"},{"last_name":"Funke","id":9,"avatar":"https:\/\/reqres.in\/img\/faces\/9-image.jpg","first_name":"Tobias","email":"tobias.funke@reqres.in"},{"last_name":"Fields","id":10,"avatar":"https:\/\/reqres.in\/img\/faces\/10-image.jpg","first_name":"Byron","email":"byron.fields@reqres.in"},{"last_name":"Edwards","id":11,"avatar":"https:\/\/reqres.in\/img\/faces\/11-image.jpg","first_name":"George","email":"george.edwards@reqres.in"},{"last_name":"Howell","id":12,"avatar":"https:\/\/reqres.in\/img\/faces\/12-image.jpg","first_name":"Rachel","email":"rachel.howell@reqres.in"}],"page":2,"total_pages":2,"support":{"text":"To keep ReqRes free, contributions towards server costs are appreciated!","url":"https:\/\/reqres.in\/#support-heading"}}
21:05:37.992 [pool-2-thread-1] INFO  com.intuit.karate.Suite - <<pass>> feature 1 of 2 (1 remaining) classpath:Testing/Feature/Getcall.feature
